# JRE version: OpenJDK Runtime Environment Temurin-21.0.7+6 (21.0.7+6) (build 21.0.7+6-LTS)
# Java VM: OpenJDK 64-Bit Server VM Temurin-21.0.7+6 (21.0.7+6-LTS, mixed mode, emulated-client, sharing, tiered, compressed oops, compressed class ptrs, g1 gc, windows-amd64)
GC Precious Log:
 CardTable entry size: 512
 Card Set container configuration: InlinePtr #cards 5 size 8 Array Of Cards #cards 12 size 40 Howl #buckets 4 coarsen threshold 1843 Howl Bitmap #cards 512 size 80 coarsen threshold 460 Card regions per heap region 1 cards per card region 2048
 CPUs: 12 total, 12 available
 Memory: 7859M
 Large Page Support: Disabled
 NUMA Support: Disabled
 Compressed Oops: Enabled (32-bit)
 Heap Region Size: 1M
 Heap Min Capacity: 8M
 Heap Initial Capacity: 124M
 Heap Max Capacity: 1G
 Pre-touch: Disabled
 Parallel Workers: 10
 Concurrent Workers: 3
 Concurrent Refinement Workers: 10
 Periodic GC: Disabled
Heap:
 garbage-first heap   total 82944K, used 37445K [0x00000000c0000000, 0x0000000100000000)
  region size 1024K, 1 young (1024K), 0 survivors (0K)
 Metaspace       used 55796K, committed 56512K, reserved 1114112K
  class space    used 6879K, committed 7168K, reserved 1048576K
GC Heap History (20 events):
Event: 1074.252 GC heap after
{Heap after GC invocations=104 (full 92):
 garbage-first heap   total 82944K, used 34558K [0x00000000c0000000, 0x0000000100000000)
  region size 1024K, 0 young (0K), 0 survivors (0K)
 Metaspace       used 54195K, committed 55424K, reserved 1114112K
  class space    used 6630K, committed 7104K, reserved 1048576K
}
Event: 1084.461 GC heap before
{Heap before GC invocations=104 (full 92):
 garbage-first heap   total 82944K, used 34558K [0x00000000c0000000, 0x0000000100000000)
  region size 1024K, 1 young (1024K), 0 survivors (0K)
 Metaspace       used 54195K, committed 55424K, reserved 1114112K
  class space    used 6630K, committed 7104K, reserved 1048576K
}
Event: 1084.504 GC heap after
{Heap after GC invocations=105 (full 93):
 garbage-first heap   total 82944K, used 34558K [0x00000000c0000000, 0x0000000100000000)
  region size 1024K, 0 young (0K), 0 survivors (0K)
 Metaspace       used 54195K, committed 55424K, reserved 1114112K
  class space    used 6630K, committed 7104K, reserved 1048576K
}
Event: 1094.700 GC heap before
{Heap before GC invocations=105 (full 93):
 garbage-first heap   total 82944K, used 34558K [0x00000000c0000000, 0x0000000100000000)
  region size 1024K, 1 young (1024K), 0 survivors (0K)
 Metaspace       used 54195K, committed 55424K, reserved 1114112K
  class space    used 6630K, committed 7104K, reserved 1048576K
}
Event: 1094.748 GC heap after
{Heap after GC invocations=106 (full 94):
 garbage-first heap   total 82944K, used 34558K [0x00000000c0000000, 0x0000000100000000)
  region size 1024K, 0 young (0K), 0 survivors (0K)
 Metaspace       used 54195K, committed 55424K, reserved 1114112K
  class space    used 6630K, committed 7104K, reserved 1048576K
}
Event: 1104.933 GC heap before
{Heap before GC invocations=106 (full 94):
 garbage-first heap   total 82944K, used 34558K [0x00000000c0000000, 0x0000000100000000)
  region size 1024K, 1 young (1024K), 0 survivors (0K)
 Metaspace       used 54195K, committed 55424K, reserved 1114112K
  class space    used 6630K, committed 7104K, reserved 1048576K
}
Event: 1104.977 GC heap after
{Heap after GC invocations=107 (full 95):
 garbage-first heap   total 82944K, used 34558K [0x00000000c0000000, 0x0000000100000000)
  region size 1024K, 0 young (0K), 0 survivors (0K)
 Metaspace       used 54195K, committed 55424K, reserved 1114112K
  class space    used 6630K, committed 7104K, reserved 1048576K
}
Event: 1115.186 GC heap before
{Heap before GC invocations=107 (full 95):
 garbage-first heap   total 82944K, used 34558K [0x00000000c0000000, 0x0000000100000000)
  region size 1024K, 1 young (1024K), 0 survivors (0K)
 Metaspace       used 54195K, committed 55424K, reserved 1114112K
  class space    used 6630K, committed 7104K, reserved 1048576K
}
Event: 1115.234 GC heap after
{Heap after GC invocations=108 (full 96):
 garbage-first heap   total 82944K, used 34558K [0x00000000c0000000, 0x0000000100000000)
  region size 1024K, 0 young (0K), 0 survivors (0K)
 Metaspace       used 54195K, committed 55424K, reserved 1114112K
  class space    used 6630K, committed 7104K, reserved 1048576K
}
Event: 1121.595 GC heap before
{Heap before GC invocations=108 (full 96):
 garbage-first heap   total 82944K, used 38654K [0x00000000c0000000, 0x0000000100000000)
  region size 1024K, 5 young (5120K), 0 survivors (0K)
 Metaspace       used 54462K, committed 55488K, reserved 1114112K
  class space    used 6666K, committed 7104K, reserved 1048576K
}
Event: 1121.607 GC heap after
{Heap after GC invocations=109 (full 96):
 garbage-first heap   total 82944K, used 36118K [0x00000000c0000000, 0x0000000100000000)
  region size 1024K, 1 young (1024K), 1 survivors (1024K)
 Metaspace       used 54462K, committed 55488K, reserved 1114112K
  class space    used 6666K, committed 7104K, reserved 1048576K
}
Event: 1121.617 GC heap before
{Heap before GC invocations=109 (full 96):
 garbage-first heap   total 82944K, used 38166K [0x00000000c0000000, 0x0000000100000000)
  region size 1024K, 2 young (2048K), 1 survivors (1024K)
 Metaspace       used 54462K, committed 55488K, reserved 1114112K
  class space    used 6666K, committed 7104K, reserved 1048576K
}
Event: 1121.619 GC heap after
{Heap after GC invocations=110 (full 96):
 garbage-first heap   total 82944K, used 36894K [0x00000000c0000000, 0x0000000100000000)
  region size 1024K, 1 young (1024K), 1 survivors (1024K)
 Metaspace       used 54462K, committed 55488K, reserved 1114112K
  class space    used 6666K, committed 7104K, reserved 1048576K
}
Event: 1185.514 GC heap before
{Heap before GC invocations=111 (full 96):
 garbage-first heap   total 82944K, used 68638K [0x00000000c0000000, 0x0000000100000000)
  region size 1024K, 29 young (29696K), 1 survivors (1024K)
 Metaspace       used 55899K, committed 56512K, reserved 1114112K
  class space    used 6906K, committed 7168K, reserved 1048576K
}
Event: 1185.554 GC heap after
{Heap after GC invocations=112 (full 97):
 garbage-first heap   total 82944K, used 38693K [0x00000000c0000000, 0x0000000100000000)
  region size 1024K, 0 young (0K), 0 survivors (0K)
 Metaspace       used 55899K, committed 56512K, reserved 1114112K
  class space    used 6906K, committed 7168K, reserved 1048576K
}
Event: 1196.090 GC heap before
{Heap before GC invocations=112 (full 97):
 garbage-first heap   total 82944K, used 38693K [0x00000000c0000000, 0x0000000100000000)
  region size 1024K, 1 young (1024K), 0 survivors (0K)
 Metaspace       used 55899K, committed 56512K, reserved 1114112K
  class space    used 6906K, committed 7168K, reserved 1048576K
}
Event: 1196.391 GC heap after
{Heap after GC invocations=113 (full 98):
 garbage-first heap   total 82944K, used 37445K [0x00000000c0000000, 0x0000000100000000)
  region size 1024K, 0 young (0K), 0 survivors (0K)
 Metaspace       used 55796K, committed 56512K, reserved 1114112K
  class space    used 6879K, committed 7168K, reserved 1048576K
}
Event: 1206.838 GC heap before
{Heap before GC invocations=113 (full 98):
 garbage-first heap   total 82944K, used 37445K [0x00000000c0000000, 0x0000000100000000)
  region size 1024K, 1 young (1024K), 0 survivors (0K)
 Metaspace       used 55796K, committed 56512K, reserved 1114112K
  class space    used 6879K, committed 7168K, reserved 1048576K
}
Event: 1206.874 GC heap after
{Heap after GC invocations=114 (full 99):
 garbage-first heap   total 82944K, used 37445K [0x00000000c0000000, 0x0000000100000000)
  region size 1024K, 0 young (0K), 0 survivors (0K)
 Metaspace       used 55796K, committed 56512K, reserved 1114112K
  class space    used 6879K, committed 7168K, reserved 1048576K
}
Event: 1221.061 GC heap before
{Heap before GC invocations=114 (full 99):
 garbage-first heap   total 82944K, used 37445K [0x00000000c0000000, 0x0000000100000000)
  region size 1024K, 1 young (1024K), 0 survivors (0K)
 Metaspace       used 55796K, committed 56512K, reserved 1114112K
  class space    used 6879K, committed 7168K, reserved 1048576K
}

